
<!DOCTYPE html>
<html>


<head>
	<meta charset='utf-8' /> 
	<meta name='description' content='' />
	<meta name='robots' content='noodp, noydir' />
	<meta name='viewport' content='width=device-width, initial-scale=1' />
	<meta id="timeStampFormat" name="timeStampFormat" content='MMM d, yyyy hh:mm:ss a'/>
	
	<link href='https://fonts.googleapis.com/css?family=Source+Sans+Pro:400,600' rel='stylesheet' type='text/css'>
	<link href="https://fonts.googleapis.com/icon?family=Material+Icons" rel="stylesheet">

		<link href='https://cdn.rawgit.com/anshooarora/extentreports-java/6d3843c29c354373fafad29c03a1a89b7e06c374/dist/css/extent.css' type='text/css' rel='stylesheet' />
	
	<title>ExtentReports</title>

</head>

	<body class='extent standard default hide-overflow bdd-report'>
		<div id='theme-selector' alt='Click to toggle theme. To enable by default, use theme configuration.' title='Click to toggle theme. To enable by default, use theme configuration.'>
			<span><i class='material-icons'>desktop_windows</i></span>
		</div>

<nav>
	<div class="nav-wrapper">
		<a href="#!" class="brand-logo blue darken-3">Extent</a>

		<!-- slideout menu -->
		<ul id='slide-out' class='side-nav fixed hide-on-med-and-down'>
			<li class='waves-effect active'><a href='#!' view='test-view' onclick="configureView(0);chartsView('test');"><i class='material-icons'>dashboard</i></a></li>
						<li class='waves-effect'><a href='#!' view='exception-view' onclick="configureView(2)"><i class='material-icons'>bug_report</i></a></li>
			<li class='waves-effect'><a href='#!' onclick="configureView(-1);chartsView('dashboard');" view='dashboard-view'><i class='material-icons'>track_changes</i></i></a></li>
		</ul>

		<!-- report name -->
		<span class='report-name'>ExtentReports</span>
		
		<!-- report headline -->
		<span class='report-headline'></span>

		<!-- nav-right -->
		<ul id='nav-mobile' class='right hide-on-med-and-down nav-right'>
			<li>
                <a href='#!'>
                    <span class='label suite-start-time blue darken-3'>Nov 11, 2020 09:05:42 PM</span>
				</a>
			</li>
			<li>
                <a href='#!'>
                    <span class='label blue darken-3'>v3.0.6</span>
				</a>
			</li>
		</ul>
	</div>
</nav>

		<!-- container -->
		<div class='container'>

<div id='test-view' class='view'>
				
	<section id='controls'>
		<div class='controls grey lighten-4'>
			<!-- test toggle -->
			<div class='chip transparent'>
				<a class='dropdown-button tests-toggle' data-activates='tests-toggle' data-constrainwidth='true' data-beloworigin='true' data-hover='true' href='#'>
					<i class='material-icons'>warning</i> Status
				</a>
				<ul id='tests-toggle' class='dropdown-content'>
											<li status='pass'><a href='#!'>Pass <i class='material-icons green-text'>check_circle</i></a></li>
						<li status='fail'><a href='#!'>Fail <i class='material-icons red-text'>cancel</i></a></li>
						<li status='skip'><a href='#!'>Skip <i class='material-icons cyan-text'>redo</i></a></li>
					<li class='divider'></li>
					<li status='clear' clear='true'><a href='#!'>Clear Filters <i class='material-icons'>clear</i></a></li>
				</ul>
			</div>
			<!-- test toggle -->

			<!-- category toggle -->
			<!-- category toggle -->

			<!-- clear filters -->
			<div class='chip transparent hide'>
				<a class='' id='clear-filters' alt='Clear Filters' title='Clear Filters'>
					<i class='material-icons'>close</i> Clear
				</a>
			</div>
			<!-- clear filters -->

			<!-- enable dashboard -->
			<div id='toggle-test-view-charts' class='chip transparent'>
				<a class='pink-text' id='enable-dashboard' alt='Enable Dashboard' title='Enable Dashboard'>
					<i class='material-icons'>track_changes</i> Dashboard
				</a>
			</div>
			<!-- enable dashboard -->

			<!-- search -->
			<div class='chip transparent' alt='Search Tests' title='Search Tests'>
				<a href="#" class='search-div'>
					<i class='material-icons'>search</i> Search
				</a>

				<div class='input-field left hide'>
					<input id='search-tests' type='text' class='validate browser-default' placeholder='Search Tests...'>
				</div>
				
			</div>
			<!-- search -->
		</div>
	</section>


<div id='test-view-charts' class='subview-full'>
	<div id='charts-row' class='row nm-v nm-h'>
		<div class='col s12 m4 l4 np-h'>
			<div class='card-panel nm-v'>
				<div class='left panel-name'>Features</div>
				<div class='chart-box'>
					<canvas id='parent-analysis' width='100' height='80'></canvas>
				</div>
				<div class='block text-small'>
					<span class='tooltipped' data-position='top' data-tooltip='50%'><span class='strong'>1</span> feature(s) passed</span>
				</div>
				<div class='block text-small'>
					<span class='strong tooltipped' data-position='top' data-tooltip='50%'>1</span> feature(s) failed, <span class='strong tooltipped' data-position='top' data-tooltip='0%'>0</span> others
				</div>
			</div>
		</div>
		
		<div class='col s12 m4 l4 np-h'>
			<div class='card-panel nm-v'>
				<div class='left panel-name'>Scenarios</div>
				<div class='chart-box'>
					<canvas id='child-analysis' width='100' height='80'></canvas>
				</div>
				<div class='block text-small'>
					<span class='tooltipped' data-position='top' data-tooltip='80%'><span class='strong'>8</span> scenario(s) passed</span>
				</div>
				<div class='block text-small'>
					<span class='strong tooltipped' data-position='top' data-tooltip='20%'>2</span> scenario(s) failed, <span class='strong tooltipped' data-position='top' data-tooltip='0%'>0</span> others
				</div>
			</div>
		</div>
		
		<div class='col s12 m4 l4 np-h'>
			<div class='card-panel nm-v'>
				<div class='left panel-name'>Steps</div>
				<div class='chart-box'>
					<canvas id='grandchild-analysis' width='100' height='80'></canvas>
				</div>
				<div class='block text-small'>
					<span class='tooltipped' data-position='top' data-tooltip='87.838%'><span class='strong'>65</span> step(s) passed</span>
				</div>
				<div class='block text-small'>
					<span class='strong tooltipped' data-position='top' data-tooltip='2.703%'>2</span> step(s) failed, <span class='strong tooltipped' data-position='top' data-tooltip='9.459%'>7</span> others
				</div>
			</div>
		</div>
	</div>
</div>

	<div class='subview-left left'>
		
		<div class='view-summary'>
			<h5>Features</h5>
			<ul id='test-collection' class='test-collection'>
				
				
				<li class='test displayed active has-leaf fail' status='fail' bdd='true' test-id='1'>
					<div class='test-heading'>
						<span class='test-name'>Human Resources Position Salary Functionality</span>
						<span class='test-time'>Nov 11, 2020 09:05:43 PM</span>
						<span class='test-status right fail'>fail</span>
					</div>
					<div class='test-content hide'>
<div class='scenario node' test-id='2' status='pass'>
	<span class='duration right label'>0h 0m 57s+93ms</span>
	<div class='desc'>
		<b>Scenario</b>
		<span class="desc-text">US_05 TC_01</span>
	</div>
	<ul class='steps'>
		<li test-id='3' class='node given pass' status='pass'>
			
			<b>Given</b>
			
			<span class="bdd-step-name">Given Navigate to basqar</span>
				<div class='pre'>passed</div>
			
		</li>
		<li test-id='4' class='node then pass' status='pass'>
			
			<b>Then</b>
			
			<span class="bdd-step-name">Then Enter username and password and  click Login button</span>
				<div class='pre'>passed</div>
			
		</li>
		<li test-id='5' class='node when pass' status='pass'>
			
			<b>When</b>
			
			<span class="bdd-step-name">When click on button with button name</span>
				<div class='pre'><table><tr><td>humanResources</td></tr><tr><td>humanResourcessetup</td></tr><tr><td>positionSalary</td></tr></table></div>
				<div class='pre'>passed</div>
			
		</li>
		<li test-id='6' class='node then pass' status='pass'>
			
			<b>Then</b>
			
			<span class="bdd-step-name">Then page validation</span>
				<div class='pre'><table><tr><td>pagecontent</td><td>Position Salary</td></tr></table></div>
				<div class='pre'>passed</div>
			
		</li>
	</ul>
</div>
<div class='scenario node' test-id='7' status='pass'>
	<span class='duration right label'>0h 1m 0s+188ms</span>
	<div class='desc'>
		<b>Scenario</b>
		<span class="desc-text">US_05 TC_02</span>
	</div>
	<ul class='steps'>
		<li test-id='8' class='node given pass' status='pass'>
			
			<b>Given</b>
			
			<span class="bdd-step-name">Given Navigate to basqar</span>
				<div class='pre'>passed</div>
			
		</li>
		<li test-id='9' class='node then pass' status='pass'>
			
			<b>Then</b>
			
			<span class="bdd-step-name">Then Enter username and password and  click Login button</span>
				<div class='pre'>passed</div>
			
		</li>
		<li test-id='10' class='node when pass' status='pass'>
			
			<b>When</b>
			
			<span class="bdd-step-name">When click on button with button name</span>
				<div class='pre'><table><tr><td>humanResources</td></tr><tr><td>humanResourcessetup</td></tr><tr><td>positionSalary</td></tr><tr><td>addbutton</td></tr></table></div>
				<div class='pre'>passed</div>
			
		</li>
		<li test-id='11' class='node then pass' status='pass'>
			
			<b>Then</b>
			
			<span class="bdd-step-name">Then Send text with inputbox name</span>
				<div class='pre'><table><tr><td>inputName</td><td>omergoker63</td></tr></table></div>
				<div class='pre'>passed</div>
			
		</li>
		<li test-id='12' class='node and pass' status='pass'>
			
			<b>And</b>
			
			<span class="bdd-step-name">And click on button with button name</span>
				<div class='pre'><table><tr><td>saveButton</td></tr></table></div>
				<div class='pre'>passed</div>
			
		</li>
		<li test-id='13' class='node then pass' status='pass'>
			
			<b>Then</b>
			
			<span class="bdd-step-name">Then Control to verification message</span>
				<div class='pre'><table><tr><td>containsmesaj</td><td>successfully</td></tr></table></div>
				<div class='pre'>passed</div>
			
		</li>
	</ul>
</div>
<div class='scenario node' test-id='14' status='pass'>
	<span class='duration right label'>0h 0m 57s+396ms</span>
	<div class='desc'>
		<b>Scenario</b>
		<span class="desc-text">US_05 TC_03</span>
	</div>
	<ul class='steps'>
		<li test-id='15' class='node given pass' status='pass'>
			
			<b>Given</b>
			
			<span class="bdd-step-name">Given Navigate to basqar</span>
				<div class='pre'>passed</div>
			
		</li>
		<li test-id='16' class='node then pass' status='pass'>
			
			<b>Then</b>
			
			<span class="bdd-step-name">Then Enter username and password and  click Login button</span>
				<div class='pre'>passed</div>
			
		</li>
		<li test-id='17' class='node when pass' status='pass'>
			
			<b>When</b>
			
			<span class="bdd-step-name">When click on button with button name</span>
				<div class='pre'><table><tr><td>humanResources</td></tr><tr><td>humanResourcessetup</td></tr><tr><td>positionSalary</td></tr><tr><td>addbutton</td></tr></table></div>
				<div class='pre'>passed</div>
			
		</li>
		<li test-id='18' class='node then pass' status='pass'>
			
			<b>Then</b>
			
			<span class="bdd-step-name">Then Send text with inputbox name</span>
				<div class='pre'><table><tr><td>inputName</td><td></td></tr></table></div>
				<div class='pre'>passed</div>
			
		</li>
		<li test-id='19' class='node and pass' status='pass'>
			
			<b>And</b>
			
			<span class="bdd-step-name">And Check that the button is visible</span>
				<div class='pre'><table><tr><td>saveButton</td></tr></table></div>
				<div class='pre'>passed</div>
			
		</li>
	</ul>
</div>
<div class='scenario node' test-id='20' status='pass'>
	<span class='duration right label'>0h 1m 7s+864ms</span>
	<div class='desc'>
		<b>Scenario</b>
		<span class="desc-text">US_05 TC_04</span>
	</div>
	<ul class='steps'>
		<li test-id='21' class='node given pass' status='pass'>
			
			<b>Given</b>
			
			<span class="bdd-step-name">Given Navigate to basqar</span>
				<div class='pre'>passed</div>
			
		</li>
		<li test-id='22' class='node then pass' status='pass'>
			
			<b>Then</b>
			
			<span class="bdd-step-name">Then Enter username and password and  click Login button</span>
				<div class='pre'>passed</div>
			
		</li>
		<li test-id='23' class='node when pass' status='pass'>
			
			<b>When</b>
			
			<span class="bdd-step-name">When click on button with button name</span>
				<div class='pre'><table><tr><td>humanResources</td></tr><tr><td>humanResourcessetup</td></tr><tr><td>positionSalary</td></tr><tr><td>addbutton</td></tr></table></div>
				<div class='pre'>passed</div>
			
		</li>
		<li test-id='24' class='node then pass' status='pass'>
			
			<b>Then</b>
			
			<span class="bdd-step-name">Then Send text with inputbox name</span>
				<div class='pre'><table><tr><td>inputName</td><td>omergoker17</td></tr></table></div>
				<div class='pre'>passed</div>
			
		</li>
		<li test-id='25' class='node and pass' status='pass'>
			
			<b>And</b>
			
			<span class="bdd-step-name">And click on button with button name</span>
				<div class='pre'><table><tr><td>saveButton</td></tr></table></div>
				<div class='pre'>passed</div>
			
		</li>
		<li test-id='26' class='node when pass' status='pass'>
			
			<b>When</b>
			
			<span class="bdd-step-name">When click on button with button name</span>
				<div class='pre'><table><tr><td>addbutton</td></tr></table></div>
				<div class='pre'>passed</div>
			
		</li>
		<li test-id='27' class='node then pass' status='pass'>
			
			<b>Then</b>
			
			<span class="bdd-step-name">Then Send text with inputbox name</span>
				<div class='pre'><table><tr><td>inputName</td><td>omergoker17</td></tr></table></div>
				<div class='pre'>passed</div>
			
		</li>
		<li test-id='28' class='node and pass' status='pass'>
			
			<b>And</b>
			
			<span class="bdd-step-name">And click on button with button name</span>
				<div class='pre'><table><tr><td>saveButton</td></tr></table></div>
				<div class='pre'>passed</div>
			
		</li>
		<li test-id='29' class='node then pass' status='pass'>
			
			<b>Then</b>
			
			<span class="bdd-step-name">Then Control to verification message</span>
				<div class='pre'><table><tr><td>errorMessage</td><td>Error</td></tr></table></div>
				<div class='pre'>passed</div>
			
		</li>
	</ul>
</div>
<div class='scenario node' test-id='30' status='pass'>
	<span class='duration right label'>0h 1m 10s+843ms</span>
	<div class='desc'>
		<b>Scenario</b>
		<span class="desc-text">US_05 TC_05</span>
	</div>
	<ul class='steps'>
		<li test-id='31' class='node given pass' status='pass'>
			
			<b>Given</b>
			
			<span class="bdd-step-name">Given Navigate to basqar</span>
				<div class='pre'>passed</div>
			
		</li>
		<li test-id='32' class='node then pass' status='pass'>
			
			<b>Then</b>
			
			<span class="bdd-step-name">Then Enter username and password and  click Login button</span>
				<div class='pre'>passed</div>
			
		</li>
		<li test-id='33' class='node when pass' status='pass'>
			
			<b>When</b>
			
			<span class="bdd-step-name">When click on button with button name</span>
				<div class='pre'><table><tr><td>humanResources</td></tr><tr><td>humanResourcessetup</td></tr><tr><td>positionSalary</td></tr><tr><td>addbutton</td></tr></table></div>
				<div class='pre'>passed</div>
			
		</li>
		<li test-id='34' class='node then pass' status='pass'>
			
			<b>Then</b>
			
			<span class="bdd-step-name">Then Send text with inputbox name</span>
				<div class='pre'><table><tr><td>inputName</td><td>omergoker105</td></tr></table></div>
				<div class='pre'>passed</div>
			
		</li>
		<li test-id='35' class='node and pass' status='pass'>
			
			<b>And</b>
			
			<span class="bdd-step-name">And click on button with button name</span>
				<div class='pre'><table><tr><td>saveButton</td></tr></table></div>
				<div class='pre'>passed</div>
			
		</li>
		<li test-id='36' class='node then pass' status='pass'>
			
			<b>Then</b>
			
			<span class="bdd-step-name">Then Send text with inputbox name</span>
				<div class='pre'><table><tr><td>PositionSalarayNameSearch</td><td>omergoker105</td></tr></table></div>
				<div class='pre'>passed</div>
			
		</li>
		<li test-id='37' class='node and pass' status='pass'>
			
			<b>And</b>
			
			<span class="bdd-step-name">And click on button with button name</span>
				<div class='pre'><table><tr><td>searchButton</td></tr><tr><td>deletButton</td></tr><tr><td>yesButton</td></tr></table></div>
				<div class='pre'>passed</div>
			
		</li>
		<li test-id='38' class='node then pass' status='pass'>
			
			<b>Then</b>
			
			<span class="bdd-step-name">Then Control to verification message</span>
				<div class='pre'><table><tr><td>containsmesaj</td><td>successfully</td></tr></table></div>
				<div class='pre'>passed</div>
			
		</li>
	</ul>
</div>
<div class='scenario node' test-id='39' status='fail'>
	<span class='duration right label'>0h 1m 23s+401ms</span>
	<div class='desc'>
		<b>Scenario</b>
		<span class="desc-text">US_05 TC_06</span>
	</div>
	<ul class='steps'>
		<li test-id='40' class='node given pass' status='pass'>
			
			<b>Given</b>
			
			<span class="bdd-step-name">Given Navigate to basqar</span>
				<div class='pre'>passed</div>
			
		</li>
		<li test-id='41' class='node then pass' status='pass'>
			
			<b>Then</b>
			
			<span class="bdd-step-name">Then Enter username and password and  click Login button</span>
				<div class='pre'>passed</div>
			
		</li>
		<li test-id='42' class='node when fail' status='fail'>
			
			<b>When</b>
			
			<span class="bdd-step-name">When click on button with button name</span>
				<div class='pre'><table><tr><td>humanResources</td></tr><tr><td>humanResourcessetup</td></tr><tr><td>positionSalary</td></tr><tr><td>addbutton</td></tr></table></div>
				<div class='pre'><textarea>org.openqa.selenium.TimeoutException: Expected condition failed: waiting for element to be clickable: [[ChromeDriver: chrome on WINDOWS (2226416b21f44d9a6eda0243bcd39e6d)] -> xpath: //ms-add-button//button] (tried for 10 second(s) with 500 milliseconds interval)
	at org.openqa.selenium.support.ui.WebDriverWait.timeoutException(WebDriverWait.java:95)
	at org.openqa.selenium.support.ui.FluentWait.until(FluentWait.java:272)
	at Pages.ParentClass.waitUntilClickable(ParentClass.java:28)
	at Pages.ParentClass.clickElement(ParentClass.java:44)
	at Pages.MainContent.findAndClickElement(MainContent.java:205)
	at StepDefinitions.PositionSalaryStep.clickOnButtonWithButtonName(PositionSalaryStep.java:22)
	at ✽.When click on button with button name(HumanResourcesPositionSalary.feature:82)
Caused by: org.openqa.selenium.NoSuchElementException: no such element: Unable to locate element: {"method":"xpath","selector":"//ms-add-button//button"}
  (Session info: chrome=86.0.4240.193)
For documentation on this error, please visit: https://www.seleniumhq.org/exceptions/no_such_element.html
Build info: version: '3.141.59', revision: 'e82be7d358', time: '2018-11-14T08:17:03'
System info: host: 'DESKTOP-R6GUE30', ip: '192.168.42.147', os.name: 'Windows 10', os.arch: 'amd64', os.version: '10.0', java.version: '14.0.1'
Driver info: org.openqa.selenium.chrome.ChromeDriver
Capabilities {acceptInsecureCerts: false, browserName: chrome, browserVersion: 86.0.4240.193, chrome: {chromedriverVersion: 86.0.4240.22 (398b0743353ff..., userDataDir: C:\Users\omerg\AppData\Loca...}, goog:chromeOptions: {debuggerAddress: localhost:51888}, javascriptEnabled: true, networkConnectionEnabled: false, pageLoadStrategy: normal, platform: WINDOWS, platformName: WINDOWS, proxy: Proxy(), setWindowRect: true, strictFileInteractability: false, timeouts: {implicit: 0, pageLoad: 300000, script: 30000}, unhandledPromptBehavior: dismiss and notify, webauthn:virtualAuthenticators: true}
Session ID: 2226416b21f44d9a6eda0243bcd39e6d
*** Element info: {Using=xpath, value=//ms-add-button//button}
	at java.base/jdk.internal.reflect.NativeConstructorAccessorImpl.newInstance0(Native Method)
	at java.base/jdk.internal.reflect.NativeConstructorAccessorImpl.newInstance(NativeConstructorAccessorImpl.java:62)
	at java.base/jdk.internal.reflect.DelegatingConstructorAccessorImpl.newInstance(DelegatingConstructorAccessorImpl.java:45)
	at java.base/java.lang.reflect.Constructor.newInstanceWithCaller(Constructor.java:500)
	at java.base/java.lang.reflect.Constructor.newInstance(Constructor.java:481)
	at org.openqa.selenium.remote.http.W3CHttpResponseCodec.createException(W3CHttpResponseCodec.java:187)
	at org.openqa.selenium.remote.http.W3CHttpResponseCodec.decode(W3CHttpResponseCodec.java:122)
	at org.openqa.selenium.remote.http.W3CHttpResponseCodec.decode(W3CHttpResponseCodec.java:49)
	at org.openqa.selenium.remote.HttpCommandExecutor.execute(HttpCommandExecutor.java:158)
	at org.openqa.selenium.remote.service.DriverCommandExecutor.execute(DriverCommandExecutor.java:83)
	at org.openqa.selenium.remote.RemoteWebDriver.execute(RemoteWebDriver.java:552)
	at org.openqa.selenium.remote.RemoteWebDriver.findElement(RemoteWebDriver.java:323)
	at org.openqa.selenium.remote.RemoteWebDriver.findElementByXPath(RemoteWebDriver.java:428)
	at org.openqa.selenium.By$ByXPath.findElement(By.java:353)
	at org.openqa.selenium.remote.RemoteWebDriver.findElement(RemoteWebDriver.java:315)
	at org.openqa.selenium.support.pagefactory.DefaultElementLocator.findElement(DefaultElementLocator.java:69)
	at org.openqa.selenium.support.pagefactory.internal.LocatingElementHandler.invoke(LocatingElementHandler.java:38)
	at com.sun.proxy.$Proxy22.isDisplayed(Unknown Source)
	at org.openqa.selenium.support.ui.ExpectedConditions.elementIfVisible(ExpectedConditions.java:314)
	at org.openqa.selenium.support.ui.ExpectedConditions.access$000(ExpectedConditions.java:43)
	at org.openqa.selenium.support.ui.ExpectedConditions$10.apply(ExpectedConditions.java:300)
	at org.openqa.selenium.support.ui.ExpectedConditions$10.apply(ExpectedConditions.java:297)
	at org.openqa.selenium.support.ui.ExpectedConditions$23.apply(ExpectedConditions.java:670)
	at org.openqa.selenium.support.ui.ExpectedConditions$23.apply(ExpectedConditions.java:666)
	at org.openqa.selenium.support.ui.FluentWait.until(FluentWait.java:249)
	at Pages.ParentClass.waitUntilClickable(ParentClass.java:28)
	at Pages.ParentClass.clickElement(ParentClass.java:44)
	at Pages.MainContent.findAndClickElement(MainContent.java:205)
	at StepDefinitions.PositionSalaryStep.clickOnButtonWithButtonName(PositionSalaryStep.java:22)
	at java.base/jdk.internal.reflect.NativeMethodAccessorImpl.invoke0(Native Method)
	at java.base/jdk.internal.reflect.NativeMethodAccessorImpl.invoke(NativeMethodAccessorImpl.java:62)
	at java.base/jdk.internal.reflect.DelegatingMethodAccessorImpl.invoke(DelegatingMethodAccessorImpl.java:43)
	at java.base/java.lang.reflect.Method.invoke(Method.java:564)
	at cucumber.runtime.Utils$1.call(Utils.java:40)
	at cucumber.runtime.Timeout.timeout(Timeout.java:16)
	at cucumber.runtime.Utils.invoke(Utils.java:34)
	at cucumber.runtime.java.JavaStepDefinition.execute(JavaStepDefinition.java:38)
	at cucumber.runtime.StepDefinitionMatch.runStep(StepDefinitionMatch.java:37)
	at cucumber.runtime.Runtime.runStep(Runtime.java:300)
	at cucumber.runtime.model.StepContainer.runStep(StepContainer.java:44)
	at cucumber.runtime.model.StepContainer.runSteps(StepContainer.java:39)
	at cucumber.runtime.model.CucumberScenario.run(CucumberScenario.java:44)
	at cucumber.runtime.model.CucumberFeature.run(CucumberFeature.java:165)
	at cucumber.api.testng.TestNGCucumberRunner.runCucumber(TestNGCucumberRunner.java:63)
	at cucumber.api.testng.AbstractTestNGCucumberTests.feature(AbstractTestNGCucumberTests.java:21)
	at java.base/jdk.internal.reflect.NativeMethodAccessorImpl.invoke0(Native Method)
	at java.base/jdk.internal.reflect.NativeMethodAccessorImpl.invoke(NativeMethodAccessorImpl.java:62)
	at java.base/jdk.internal.reflect.DelegatingMethodAccessorImpl.invoke(DelegatingMethodAccessorImpl.java:43)
	at java.base/java.lang.reflect.Method.invoke(Method.java:564)
	at org.testng.internal.MethodInvocationHelper.invokeMethod(MethodInvocationHelper.java:134)
	at org.testng.internal.TestInvoker.invokeMethod(TestInvoker.java:597)
	at org.testng.internal.TestInvoker.invokeTestMethod(TestInvoker.java:173)
	at org.testng.internal.MethodRunner.runInSequence(MethodRunner.java:46)
	at org.testng.internal.TestInvoker$MethodInvocationAgent.invoke(TestInvoker.java:816)
	at org.testng.internal.TestInvoker.invokeTestMethods(TestInvoker.java:146)
	at org.testng.internal.TestMethodWorker.invokeTestMethods(TestMethodWorker.java:146)
	at org.testng.internal.TestMethodWorker.run(TestMethodWorker.java:128)
	at java.base/java.util.ArrayList.forEach(ArrayList.java:1510)
	at org.testng.TestRunner.privateRun(TestRunner.java:766)
	at org.testng.TestRunner.run(TestRunner.java:587)
	at org.testng.SuiteRunner.runTest(SuiteRunner.java:384)
	at org.testng.SuiteRunner.runSequentially(SuiteRunner.java:378)
	at org.testng.SuiteRunner.privateRun(SuiteRunner.java:337)
	at org.testng.SuiteRunner.run(SuiteRunner.java:286)
	at org.testng.SuiteRunnerWorker.runSuite(SuiteRunnerWorker.java:53)
	at org.testng.SuiteRunnerWorker.run(SuiteRunnerWorker.java:96)
	at org.testng.TestNG.runSuitesSequentially(TestNG.java:1187)
	at org.testng.TestNG.runSuitesLocally(TestNG.java:1109)
	at org.testng.TestNG.runSuites(TestNG.java:1039)
	at org.testng.TestNG.run(TestNG.java:1007)
	at com.intellij.rt.testng.IDEARemoteTestNG.run(IDEARemoteTestNG.java:66)
	at com.intellij.rt.testng.RemoteTestNGStarter.main(RemoteTestNGStarter.java:110)
</textarea></div>
			
		</li>
		<li test-id='43' class='node then skip' status='skip'>
			
			<b>Then</b>
			
			<span class="bdd-step-name">Then Send text with inputbox name</span>
				<div class='pre'><table><tr><td>inputName</td><td>omergoker333</td></tr></table></div>
				<div class='pre'>skipped</div>
			
		</li>
		<li test-id='44' class='node and skip' status='skip'>
			
			<b>And</b>
			
			<span class="bdd-step-name">And click on button with button name</span>
				<div class='pre'><table><tr><td>saveButton</td></tr></table></div>
				<div class='pre'>skipped</div>
			
		</li>
		<li test-id='45' class='node then skip' status='skip'>
			
			<b>Then</b>
			
			<span class="bdd-step-name">Then Send text with inputbox name</span>
				<div class='pre'><table><tr><td>PositionSalarayNameSearch</td><td>omergoker333</td></tr></table></div>
				<div class='pre'>skipped</div>
			
		</li>
		<li test-id='46' class='node and skip' status='skip'>
			
			<b>And</b>
			
			<span class="bdd-step-name">And click on button with button name</span>
				<div class='pre'><table><tr><td>searchButton</td></tr><tr><td>editButton</td></tr></table></div>
				<div class='pre'>skipped</div>
			
		</li>
		<li test-id='47' class='node then skip' status='skip'>
			
			<b>Then</b>
			
			<span class="bdd-step-name">Then Send text with inputbox name</span>
				<div class='pre'><table><tr><td>inputName</td><td>omergoker343</td></tr></table></div>
				<div class='pre'>skipped</div>
			
		</li>
		<li test-id='48' class='node and skip' status='skip'>
			
			<b>And</b>
			
			<span class="bdd-step-name">And click on button with button name</span>
				<div class='pre'><table><tr><td>saveButton</td></tr></table></div>
				<div class='pre'>skipped</div>
			
		</li>
		<li test-id='49' class='node then skip' status='skip'>
			
			<b>Then</b>
			
			<span class="bdd-step-name">Then Control to verification message</span>
				<div class='pre'><table><tr><td>containsmesaj</td><td>successfully</td></tr></table></div>
				<div class='pre'>skipped</div>
			
		</li>
	</ul>
</div>
<div class='scenario node' test-id='50' status='pass'>
	<span class='duration right label'>0h 1m 7s+609ms</span>
	<div class='desc'>
		<b>Scenario</b>
		<span class="desc-text">US_05 TC_07</span>
	</div>
	<ul class='steps'>
		<li test-id='51' class='node given pass' status='pass'>
			
			<b>Given</b>
			
			<span class="bdd-step-name">Given Navigate to basqar</span>
				<div class='pre'>passed</div>
			
		</li>
		<li test-id='52' class='node then pass' status='pass'>
			
			<b>Then</b>
			
			<span class="bdd-step-name">Then Enter username and password and  click Login button</span>
				<div class='pre'>passed</div>
			
		</li>
		<li test-id='53' class='node when pass' status='pass'>
			
			<b>When</b>
			
			<span class="bdd-step-name">When click on button with button name</span>
				<div class='pre'><table><tr><td>humanResources</td></tr><tr><td>humanResourcessetup</td></tr><tr><td>positionSalary</td></tr><tr><td>addbutton</td></tr></table></div>
				<div class='pre'>passed</div>
			
		</li>
		<li test-id='54' class='node then pass' status='pass'>
			
			<b>Then</b>
			
			<span class="bdd-step-name">Then Send text with inputbox name</span>
				<div class='pre'><table><tr><td>inputName</td><td>omergoker543</td></tr></table></div>
				<div class='pre'>passed</div>
			
		</li>
		<li test-id='55' class='node and pass' status='pass'>
			
			<b>And</b>
			
			<span class="bdd-step-name">And click on button with button name</span>
				<div class='pre'><table><tr><td>saveButton</td></tr></table></div>
				<div class='pre'>passed</div>
			
		</li>
		<li test-id='56' class='node then pass' status='pass'>
			
			<b>Then</b>
			
			<span class="bdd-step-name">Then Send text with inputbox name</span>
				<div class='pre'><table><tr><td>PositionSalarayNameSearch</td><td>omergoker543</td></tr></table></div>
				<div class='pre'>passed</div>
			
		</li>
		<li test-id='57' class='node and pass' status='pass'>
			
			<b>And</b>
			
			<span class="bdd-step-name">And click on button with button name</span>
				<div class='pre'><table><tr><td>searchButton</td></tr><tr><td>ectiveButton</td></tr></table></div>
				<div class='pre'>passed</div>
			
		</li>
		<li test-id='58' class='node then pass' status='pass'>
			
			<b>Then</b>
			
			<span class="bdd-step-name">Then Control to verification message</span>
				<div class='pre'><table><tr><td>containsmesaj</td><td>successfully</td></tr></table></div>
				<div class='pre'>passed</div>
			
		</li>
		<li test-id='59' class='node and pass' status='pass'>
			
			<b>And</b>
			
			<span class="bdd-step-name">And click on button with button name</span>
				<div class='pre'><table><tr><td>ectiveButton</td></tr></table></div>
				<div class='pre'>passed</div>
			
		</li>
		<li test-id='60' class='node then pass' status='pass'>
			
			<b>Then</b>
			
			<span class="bdd-step-name">Then Control to verification message</span>
				<div class='pre'><table><tr><td>containsmesaj</td><td>successfully</td></tr></table></div>
				<div class='pre'>passed</div>
			
		</li>
	</ul>
</div>
<div class='scenario node' test-id='61' status='fail'>
	<span class='duration right label'>0h 1m 51s+575ms</span>
	<div class='desc'>
		<b>Scenario</b>
		<span class="desc-text">US_05 TC_08</span>
	</div>
	<ul class='steps'>
		<li test-id='62' class='node given pass' status='pass'>
			
			<b>Given</b>
			
			<span class="bdd-step-name">Given Navigate to basqar</span>
				<div class='pre'>passed</div>
			
		</li>
		<li test-id='63' class='node then pass' status='pass'>
			
			<b>Then</b>
			
			<span class="bdd-step-name">Then Enter username and password and  click Login button</span>
				<div class='pre'>passed</div>
			
		</li>
		<li test-id='64' class='node when pass' status='pass'>
			
			<b>When</b>
			
			<span class="bdd-step-name">When click on button with button name</span>
				<div class='pre'><table><tr><td>humanResources</td></tr><tr><td>humanResourcessetup</td></tr><tr><td>positionSalary</td></tr></table></div>
				<div class='pre'>passed</div>
			
		</li>
		<li test-id='65' class='node and pass' status='pass'>
			
			<b>And</b>
			
			<span class="bdd-step-name">And Click on an icon in a List</span>
				<div class='pre'><table><tr><td>positionSalaryIcons</td><td>0</td></tr></table></div>
				<div class='pre'>passed</div>
			
		</li>
		<li test-id='66' class='node when pass' status='pass'>
			
			<b>When</b>
			
			<span class="bdd-step-name">When click on button with button name</span>
				<div class='pre'><table><tr><td>addButtonforSalarayHistory</td></tr></table></div>
				<div class='pre'>passed</div>
			
		</li>
		<li test-id='67' class='node then pass' status='pass'>
			
			<b>Then</b>
			
			<span class="bdd-step-name">Then Send text with inputbox name</span>
				<div class='pre'><table><tr><td>experienceRange</td><td>3</td></tr></table></div>
				<div class='pre'>passed</div>
			
		</li>
		<li test-id='68' class='node when pass' status='pass'>
			
			<b>When</b>
			
			<span class="bdd-step-name">When click on button with button name</span>
				<div class='pre'><table><tr><td>openCalendar</td></tr></table></div>
				<div class='pre'>passed</div>
			
		</li>
		<li test-id='69' class='node and pass' status='pass'>
			
			<b>And</b>
			
			<span class="bdd-step-name">And Click on an icon in a List</span>
				<div class='pre'><table><tr><td>calendardates</td><td>15</td></tr></table></div>
				<div class='pre'>passed</div>
			
		</li>
		<li test-id='70' class='node then pass' status='pass'>
			
			<b>Then</b>
			
			<span class="bdd-step-name">Then Send text with inputbox name</span>
				<div class='pre'><table><tr><td>salary</td><td>45000</td></tr></table></div>
				<div class='pre'>passed</div>
			
		</li>
		<li test-id='71' class='node when pass' status='pass'>
			
			<b>When</b>
			
			<span class="bdd-step-name">When click on button with button name</span>
				<div class='pre'><table><tr><td>currency</td></tr></table></div>
				<div class='pre'>passed</div>
			
		</li>
		<li test-id='72' class='node and pass' status='pass'>
			
			<b>And</b>
			
			<span class="bdd-step-name">And Click on an icon in a List</span>
				<div class='pre'><table><tr><td>currencytyps</td><td>1</td></tr></table></div>
				<div class='pre'>passed</div>
			
		</li>
		<li test-id='73' class='node when pass' status='pass'>
			
			<b>When</b>
			
			<span class="bdd-step-name">When click on button with button name</span>
				<div class='pre'><table><tr><td>salaryHistoryAddButton</td></tr><tr><td>saveButton</td></tr></table></div>
				<div class='pre'>passed</div>
			
		</li>
		<li test-id='74' class='node then fail' status='fail'>
			
			<b>Then</b>
			
			<span class="bdd-step-name">Then Control to verification message</span>
				<div class='pre'><table><tr><td>containsmesaj</td><td>successfully</td></tr></table></div>
				<div class='pre'><pre>java.lang.AssertionError: expected [true] but found [false]
	at org.testng.Assert.fail(Assert.java:97)
	at org.testng.Assert.failNotEquals(Assert.java:969)
	at org.testng.Assert.assertTrue(Assert.java:43)
	at org.testng.Assert.assertTrue(Assert.java:53)
	at Pages.ParentClass.verifyElement(ParentClass.java:64)
	at Pages.MainContent.findElementAndVerifyContainsText(MainContent.java:261)
	at StepDefinitions.PositionSalaryStep.controlToVerificationMessage(PositionSalaryStep.java:71)
	at ✽.Then Control to verification message(HumanResourcesPositionSalary.feature:150)
</pre></div>
			
		</li>
	</ul>
</div>
<div class='scenario node' test-id='75' status='pass'>
	<span class='duration right label'>0h 1m 7s+149ms</span>
	<div class='desc'>
		<b>Scenario</b>
		<span class="desc-text">US_05 TC_09</span>
	</div>
	<ul class='steps'>
		<li test-id='76' class='node given pass' status='pass'>
			
			<b>Given</b>
			
			<span class="bdd-step-name">Given Navigate to basqar</span>
				<div class='pre'>passed</div>
			
		</li>
		<li test-id='77' class='node then pass' status='pass'>
			
			<b>Then</b>
			
			<span class="bdd-step-name">Then Enter username and password and  click Login button</span>
				<div class='pre'>passed</div>
			
		</li>
		<li test-id='78' class='node when pass' status='pass'>
			
			<b>When</b>
			
			<span class="bdd-step-name">When click on button with button name</span>
				<div class='pre'><table><tr><td>humanResources</td></tr><tr><td>humanResourcessetup</td></tr><tr><td>positionSalary</td></tr></table></div>
				<div class='pre'>passed</div>
			
		</li>
		<li test-id='79' class='node then pass' status='pass'>
			
			<b>Then</b>
			
			<span class="bdd-step-name">Then Send text with inputbox name</span>
				<div class='pre'><table><tr><td>PositionSalarayNameSearch</td><td>omer</td></tr></table></div>
				<div class='pre'>passed</div>
			
		</li>
		<li test-id='80' class='node and pass' status='pass'>
			
			<b>And</b>
			
			<span class="bdd-step-name">And click on button with button name</span>
				<div class='pre'><table><tr><td>searchButton</td></tr></table></div>
				<div class='pre'>passed</div>
			
		</li>
		<li test-id='81' class='node then pass' status='pass'>
			
			<b>Then</b>
			
			<span class="bdd-step-name">Then check to list with input text</span>
				<div class='pre'><table><tr><td>namelist</td><td>omer</td></tr></table></div>
				<div class='pre'>passed</div>
			
		</li>
	</ul>
</div>
					</div>
				</li>
				
				
				<li class='test displayed active has-leaf pass' status='pass' bdd='true' test-id='82'>
					<div class='test-heading'>
						<span class='test-name'>Login Functionality</span>
						<span class='test-time'>Nov 11, 2020 09:17:19 PM</span>
						<span class='test-status right pass'>pass</span>
					</div>
					<div class='test-content hide'>
<div class='scenario node' test-id='83' status='pass'>
	<span class='duration right label'>0h 0m 37s+175ms</span>
	<div class='desc'>
		<b>Scenario</b>
		<span class="desc-text">Login with username and password</span>
	</div>
	<ul class='steps'>
		<li test-id='84' class='node given pass' status='pass'>
			
			<b>Given</b>
			
			<span class="bdd-step-name">Given Navigate to basqar</span>
				<div class='pre'>passed</div>
			
		</li>
		<li test-id='85' class='node when pass' status='pass'>
			
			<b>When</b>
			
			<span class="bdd-step-name">When Enter username and password and  click Login button</span>
				<div class='pre'>passed</div>
			
		</li>
		<li test-id='86' class='node then pass' status='pass'>
			
			<b>Then</b>
			
			<span class="bdd-step-name">Then User should login successfully</span>
				<div class='pre'>passed</div>
			
		</li>
	</ul>
</div>
					</div>
				</li>
			</ul>
		</div>
	</div>
	<!-- subview left -->

	<div class='subview-right left'>
		<div class='view-summary'>
			<h5 class='test-name'></h5>

			<div id='step-filters' class="right">
				<span class="blue-text" status="info" alt="info" title="info"><i class="material-icons">info_outline</i></span>
				<span class="green-text" status="pass" alt="pass" title="pass"><i class="material-icons">check_circle</i></span>
				<span class="red-text" status="fail" alt="fail" title="fail"><i class="material-icons">cancel</i></span>
				<span class="red-text text-darken-4" status="fatal" alt="fatal" title="fatal"><i class="material-icons">cancel</i></span>
				<span class="pink-text text-lighten-1" status="error" alt="error" title="error"><i class="material-icons">error</i></span>
				<span class="orange-text" alt="warning" status="warning" title="warning"><i class="material-icons">warning</i></span>
				<span class="teal-text" status="skip" alt="skip" title="skip"><i class="material-icons">redo</i></span>
				<span status="clear" alt="Clear filters" title="Clear filters"><i class="material-icons">clear</i></span>
			</div>
		</div>
	</div>
	<!-- subview right -->

</div>
<!-- test view -->
<!-- category view -->
<div id='exception-view' class='view hide'>

    <section id='controls'>
        <div class='controls grey lighten-4'>
            <!-- search -->
            <div class='chip transparent' alt='Search Tests' title='Search Tests'>
                <a href="#" class='search-div'>
                    <i class='material-icons'>search</i> Search
                </a>

                <div class='input-field left hide'>
                    <input id='search-tests' type='text' class='validate browser-default' placeholder='Search Tests...'>
                </div>

            </div>
            <!-- search -->
        </div>
    </section>

    <div class='subview-left left'>

        <div class='view-summary'>
            <h5>Exceptions</h3>
                <ul id='exception-collection' class='exception-collection'>

                        <li class='exception displayed active'>
                            <div class='exception-heading'>
                                <span class='exception-name'>org.openqa.selenium.TimeoutException</span>
                                <span class='exception-count right'><span class='label red lighten-1 white-text'>1</span></span>
                            </div>
                            <div class='exception-content hide'>
                                <div class='exception-tests'>
                                    <table class='bordered table-results'>
                                        <thead>
                                        <tr>
                                            <th>Timestamp</th>
                                            <th>TestName</th>
                                            <th>Status</th>
                                        </tr>
                                        </thead>
                                        <tbody>
                                                    <tr>
                                                        <td>Nov 11, 2020 09:12:20 PM</td>
                                                        <td class='linked' test-id='42'>Human Resources Position Salary Functionality.US_05 TC_06.When click on button with button name</td>
                                                        <td><pre><textarea>org.openqa.selenium.TimeoutException: Expected condition failed: waiting for element to be clickable: [[ChromeDriver: chrome on WINDOWS (2226416b21f44d9a6eda0243bcd39e6d)] -> xpath: //ms-add-button//button] (tried for 10 second(s) with 500 milliseconds interval)
	at org.openqa.selenium.support.ui.WebDriverWait.timeoutException(WebDriverWait.java:95)
	at org.openqa.selenium.support.ui.FluentWait.until(FluentWait.java:272)
	at Pages.ParentClass.waitUntilClickable(ParentClass.java:28)
	at Pages.ParentClass.clickElement(ParentClass.java:44)
	at Pages.MainContent.findAndClickElement(MainContent.java:205)
	at StepDefinitions.PositionSalaryStep.clickOnButtonWithButtonName(PositionSalaryStep.java:22)
	at ✽.When click on button with button name(HumanResourcesPositionSalary.feature:82)
Caused by: org.openqa.selenium.NoSuchElementException: no such element: Unable to locate element: {"method":"xpath","selector":"//ms-add-button//button"}
  (Session info: chrome=86.0.4240.193)
For documentation on this error, please visit: https://www.seleniumhq.org/exceptions/no_such_element.html
Build info: version: '3.141.59', revision: 'e82be7d358', time: '2018-11-14T08:17:03'
System info: host: 'DESKTOP-R6GUE30', ip: '192.168.42.147', os.name: 'Windows 10', os.arch: 'amd64', os.version: '10.0', java.version: '14.0.1'
Driver info: org.openqa.selenium.chrome.ChromeDriver
Capabilities {acceptInsecureCerts: false, browserName: chrome, browserVersion: 86.0.4240.193, chrome: {chromedriverVersion: 86.0.4240.22 (398b0743353ff..., userDataDir: C:\Users\omerg\AppData\Loca...}, goog:chromeOptions: {debuggerAddress: localhost:51888}, javascriptEnabled: true, networkConnectionEnabled: false, pageLoadStrategy: normal, platform: WINDOWS, platformName: WINDOWS, proxy: Proxy(), setWindowRect: true, strictFileInteractability: false, timeouts: {implicit: 0, pageLoad: 300000, script: 30000}, unhandledPromptBehavior: dismiss and notify, webauthn:virtualAuthenticators: true}
Session ID: 2226416b21f44d9a6eda0243bcd39e6d
*** Element info: {Using=xpath, value=//ms-add-button//button}
	at java.base/jdk.internal.reflect.NativeConstructorAccessorImpl.newInstance0(Native Method)
	at java.base/jdk.internal.reflect.NativeConstructorAccessorImpl.newInstance(NativeConstructorAccessorImpl.java:62)
	at java.base/jdk.internal.reflect.DelegatingConstructorAccessorImpl.newInstance(DelegatingConstructorAccessorImpl.java:45)
	at java.base/java.lang.reflect.Constructor.newInstanceWithCaller(Constructor.java:500)
	at java.base/java.lang.reflect.Constructor.newInstance(Constructor.java:481)
	at org.openqa.selenium.remote.http.W3CHttpResponseCodec.createException(W3CHttpResponseCodec.java:187)
	at org.openqa.selenium.remote.http.W3CHttpResponseCodec.decode(W3CHttpResponseCodec.java:122)
	at org.openqa.selenium.remote.http.W3CHttpResponseCodec.decode(W3CHttpResponseCodec.java:49)
	at org.openqa.selenium.remote.HttpCommandExecutor.execute(HttpCommandExecutor.java:158)
	at org.openqa.selenium.remote.service.DriverCommandExecutor.execute(DriverCommandExecutor.java:83)
	at org.openqa.selenium.remote.RemoteWebDriver.execute(RemoteWebDriver.java:552)
	at org.openqa.selenium.remote.RemoteWebDriver.findElement(RemoteWebDriver.java:323)
	at org.openqa.selenium.remote.RemoteWebDriver.findElementByXPath(RemoteWebDriver.java:428)
	at org.openqa.selenium.By$ByXPath.findElement(By.java:353)
	at org.openqa.selenium.remote.RemoteWebDriver.findElement(RemoteWebDriver.java:315)
	at org.openqa.selenium.support.pagefactory.DefaultElementLocator.findElement(DefaultElementLocator.java:69)
	at org.openqa.selenium.support.pagefactory.internal.LocatingElementHandler.invoke(LocatingElementHandler.java:38)
	at com.sun.proxy.$Proxy22.isDisplayed(Unknown Source)
	at org.openqa.selenium.support.ui.ExpectedConditions.elementIfVisible(ExpectedConditions.java:314)
	at org.openqa.selenium.support.ui.ExpectedConditions.access$000(ExpectedConditions.java:43)
	at org.openqa.selenium.support.ui.ExpectedConditions$10.apply(ExpectedConditions.java:300)
	at org.openqa.selenium.support.ui.ExpectedConditions$10.apply(ExpectedConditions.java:297)
	at org.openqa.selenium.support.ui.ExpectedConditions$23.apply(ExpectedConditions.java:670)
	at org.openqa.selenium.support.ui.ExpectedConditions$23.apply(ExpectedConditions.java:666)
	at org.openqa.selenium.support.ui.FluentWait.until(FluentWait.java:249)
	at Pages.ParentClass.waitUntilClickable(ParentClass.java:28)
	at Pages.ParentClass.clickElement(ParentClass.java:44)
	at Pages.MainContent.findAndClickElement(MainContent.java:205)
	at StepDefinitions.PositionSalaryStep.clickOnButtonWithButtonName(PositionSalaryStep.java:22)
	at java.base/jdk.internal.reflect.NativeMethodAccessorImpl.invoke0(Native Method)
	at java.base/jdk.internal.reflect.NativeMethodAccessorImpl.invoke(NativeMethodAccessorImpl.java:62)
	at java.base/jdk.internal.reflect.DelegatingMethodAccessorImpl.invoke(DelegatingMethodAccessorImpl.java:43)
	at java.base/java.lang.reflect.Method.invoke(Method.java:564)
	at cucumber.runtime.Utils$1.call(Utils.java:40)
	at cucumber.runtime.Timeout.timeout(Timeout.java:16)
	at cucumber.runtime.Utils.invoke(Utils.java:34)
	at cucumber.runtime.java.JavaStepDefinition.execute(JavaStepDefinition.java:38)
	at cucumber.runtime.StepDefinitionMatch.runStep(StepDefinitionMatch.java:37)
	at cucumber.runtime.Runtime.runStep(Runtime.java:300)
	at cucumber.runtime.model.StepContainer.runStep(StepContainer.java:44)
	at cucumber.runtime.model.StepContainer.runSteps(StepContainer.java:39)
	at cucumber.runtime.model.CucumberScenario.run(CucumberScenario.java:44)
	at cucumber.runtime.model.CucumberFeature.run(CucumberFeature.java:165)
	at cucumber.api.testng.TestNGCucumberRunner.runCucumber(TestNGCucumberRunner.java:63)
	at cucumber.api.testng.AbstractTestNGCucumberTests.feature(AbstractTestNGCucumberTests.java:21)
	at java.base/jdk.internal.reflect.NativeMethodAccessorImpl.invoke0(Native Method)
	at java.base/jdk.internal.reflect.NativeMethodAccessorImpl.invoke(NativeMethodAccessorImpl.java:62)
	at java.base/jdk.internal.reflect.DelegatingMethodAccessorImpl.invoke(DelegatingMethodAccessorImpl.java:43)
	at java.base/java.lang.reflect.Method.invoke(Method.java:564)
	at org.testng.internal.MethodInvocationHelper.invokeMethod(MethodInvocationHelper.java:134)
	at org.testng.internal.TestInvoker.invokeMethod(TestInvoker.java:597)
	at org.testng.internal.TestInvoker.invokeTestMethod(TestInvoker.java:173)
	at org.testng.internal.MethodRunner.runInSequence(MethodRunner.java:46)
	at org.testng.internal.TestInvoker$MethodInvocationAgent.invoke(TestInvoker.java:816)
	at org.testng.internal.TestInvoker.invokeTestMethods(TestInvoker.java:146)
	at org.testng.internal.TestMethodWorker.invokeTestMethods(TestMethodWorker.java:146)
	at org.testng.internal.TestMethodWorker.run(TestMethodWorker.java:128)
	at java.base/java.util.ArrayList.forEach(ArrayList.java:1510)
	at org.testng.TestRunner.privateRun(TestRunner.java:766)
	at org.testng.TestRunner.run(TestRunner.java:587)
	at org.testng.SuiteRunner.runTest(SuiteRunner.java:384)
	at org.testng.SuiteRunner.runSequentially(SuiteRunner.java:378)
	at org.testng.SuiteRunner.privateRun(SuiteRunner.java:337)
	at org.testng.SuiteRunner.run(SuiteRunner.java:286)
	at org.testng.SuiteRunnerWorker.runSuite(SuiteRunnerWorker.java:53)
	at org.testng.SuiteRunnerWorker.run(SuiteRunnerWorker.java:96)
	at org.testng.TestNG.runSuitesSequentially(TestNG.java:1187)
	at org.testng.TestNG.runSuitesLocally(TestNG.java:1109)
	at org.testng.TestNG.runSuites(TestNG.java:1039)
	at org.testng.TestNG.run(TestNG.java:1007)
	at com.intellij.rt.testng.IDEARemoteTestNG.run(IDEARemoteTestNG.java:66)
	at com.intellij.rt.testng.RemoteTestNGStarter.main(RemoteTestNGStarter.java:110)
</textarea></pre></td>
                                                    </tr>
                                        </tbody>
                                    </table>
                                </div>
                            </div>
                        </li>
                        <li class='exception displayed active'>
                            <div class='exception-heading'>
                                <span class='exception-name'>java.lang.AssertionError</span>
                                <span class='exception-count right'><span class='label red lighten-1 white-text'>1</span></span>
                            </div>
                            <div class='exception-content hide'>
                                <div class='exception-tests'>
                                    <table class='bordered table-results'>
                                        <thead>
                                        <tr>
                                            <th>Timestamp</th>
                                            <th>TestName</th>
                                            <th>Status</th>
                                        </tr>
                                        </thead>
                                        <tbody>
                                                    <tr>
                                                        <td>Nov 11, 2020 09:15:59 PM</td>
                                                        <td class='linked' test-id='74'>Human Resources Position Salary Functionality.US_05 TC_08.Then Control to verification message</td>
                                                        <td><pre><pre>java.lang.AssertionError: expected [true] but found [false]
	at org.testng.Assert.fail(Assert.java:97)
	at org.testng.Assert.failNotEquals(Assert.java:969)
	at org.testng.Assert.assertTrue(Assert.java:43)
	at org.testng.Assert.assertTrue(Assert.java:53)
	at Pages.ParentClass.verifyElement(ParentClass.java:64)
	at Pages.MainContent.findElementAndVerifyContainsText(MainContent.java:261)
	at StepDefinitions.PositionSalaryStep.controlToVerificationMessage(PositionSalaryStep.java:71)
	at ✽.Then Control to verification message(HumanResourcesPositionSalary.feature:150)
</pre></pre></td>
                                                    </tr>
                                        </tbody>
                                    </table>
                                </div>
                            </div>
                        </li>
                </ul>
        </div>
    </div>

    <div class='subview-right left'>
        <div class='view-summary'>
            <h5 class='exception-name'></h5>
        </div>
    </div>
</div>
<!-- exception view -->
<div id='dashboard-view' class='view hide'>
	<div class='card-panel transparent np-v'>
		<h5>Dashboard</h5>

		<div class='row'>
			<div class='col s2'>
				<div class='card-panel r'>
					Features
					<div class='panel-lead'>2</div>
				</div>
			</div>
			<div class='col s2'>
				<div class='card-panel r'>
					Scenarios
					<div class='panel-lead'>10</div>
				</div>
			</div>
			<div class='col s2'>
				<div class='card-panel r'>
					Steps
					<div class='panel-lead'>74</div>
				</div>
			</div>
			<div class='col s2'>
				<div class='card-panel r'>
					Start
					<div class='panel-lead'>Nov 11, 2020 09:05:42 PM</div>
				</div>
			</div>
			<div class='col s2'>
				<div class='card-panel r'>
			 		End
			 		<div class='panel-lead'>Nov 11, 2020 09:18:01 PM</div>
				</div>
			</div>
			<div class='col s2'>
				<div class='card-panel r'>
					Time Taken
					<div class='panel-lead'>739,503ms</div>
				</div>
			</div>
		</div>
	</div>
</div>
<!-- dashboard view -->
<!-- testrunner-logs view -->
		</div>
		<!-- container -->

		<script>
			var statusGroup = {
				passParent: 1,
				failParent: 1,
				fatalParent: 0,
				errorParent: 0,
				warningParent: 0,
				skipParent: 0,
				exceptionsParent: 1,
				
				passChild: 8,
				failChild: 2,
				fatalChild: 0,
				errorChild: 0,
				warningChild: 0,
				skipChild: 0,
				infoChild: 0,
				exceptionsChild: 2,
				
				passGrandChild: 65,
				failGrandChild: 2,
				fatalGrandChild: 0,
				errorGrandChild: 0,
				warningGrandChild: 0,
				skipGrandChild: 7,
				infoGrandChild: 0,
				exceptionsGrandChild: 9,
			};
		</script>
		
			<script src='https://cdn.rawgit.com/anshooarora/extentreports-java/5ed7b0c339b51aa347b44ccaa2e2ff29905b2f9f/dist/js/extent.js' type='text/javascript'></script>
		
		
	</body>
	
</html>
